  BoxDemo.cpp
y:\dxsdk\include\xnamath.h(2588): warning C4838: 'unsigned int'에서 'INT'(으)로의 변환에는 축소 변환이 필요합니다.
y:\dxsdk\include\xnamath.h(2589): warning C4838: 'unsigned int'에서 'INT'(으)로의 변환에는 축소 변환이 필요합니다.
y:\dxsdk\include\xnamath.h(2590): warning C4838: 'unsigned int'에서 'INT'(으)로의 변환에는 축소 변환이 필요합니다.
y:\dxsdk\include\xnamath.h(2591): warning C4838: 'unsigned int'에서 'INT'(으)로의 변환에는 축소 변환이 필요합니다.
y:\dxsdk\include\xnamath.h(2592): warning C4838: 'unsigned int'에서 'INT'(으)로의 변환에는 축소 변환이 필요합니다.
y:\dxsdk\include\xnamath.h(2593): warning C4838: 'unsigned int'에서 'INT'(으)로의 변환에는 축소 변환이 필요합니다.
y:\dxsdk\include\xnamath.h(2594): warning C4838: 'unsigned int'에서 'INT'(으)로의 변환에는 축소 변환이 필요합니다.
y:\dxsdk\include\xnamath.h(2615): warning C4838: 'unsigned int'에서 'INT'(으)로의 변환에는 축소 변환이 필요합니다.
y:\dxsdk\include\xnamath.h(2616): warning C4838: 'unsigned int'에서 'INT'(으)로의 변환에는 축소 변환이 필요합니다.
y:\dxsdk\include\xnamath.h(2617): warning C4838: 'unsigned int'에서 'INT'(으)로의 변환에는 축소 변환이 필요합니다.
y:\dxsdk\include\xnamath.h(2620): warning C4838: 'unsigned int'에서 'INT'(으)로의 변환에는 축소 변환이 필요합니다.
y:\dxsdk\include\xnamath.h(2621): warning C4838: 'unsigned int'에서 'INT'(으)로의 변환에는 축소 변환이 필요합니다.
y:\dxsdk\include\xnamath.h(2624): warning C4838: 'unsigned int'에서 'INT'(으)로의 변환에는 축소 변환이 필요합니다.
y:\dxsdk\include\xnamath.h(2628): warning C4838: 'unsigned int'에서 'INT'(으)로의 변환에는 축소 변환이 필요합니다.
y:\dxsdk\include\xnamath.h(2638): warning C4838: 'unsigned int'에서 'INT'(으)로의 변환에는 축소 변환이 필요합니다.
y:\dxsdk\include\xnamath.h(2639): warning C4838: 'unsigned int'에서 'INT'(으)로의 변환에는 축소 변환이 필요합니다.
y:\dxsdk\include\xnamath.h(2658): warning C4838: 'unsigned int'에서 'INT'(으)로의 변환에는 축소 변환이 필요합니다.
y:\dxsdk\include\xnamath.h(2659): warning C4838: 'unsigned int'에서 'INT'(으)로의 변환에는 축소 변환이 필요합니다.
y:\dxsdk\include\xnamath.h(2660): warning C4838: 'unsigned int'에서 'INT'(으)로의 변환에는 축소 변환이 필요합니다.
y:\dxsdk\include\xnamath.h(2661): warning C4838: 'unsigned int'에서 'INT'(으)로의 변환에는 축소 변환이 필요합니다.
y:\dxsdk\include\xnamath.h(2662): warning C4838: 'unsigned int'에서 'INT'(으)로의 변환에는 축소 변환이 필요합니다.
y:\dxsdk\include\xnamath.h(2663): warning C4838: 'unsigned int'에서 'INT'(으)로의 변환에는 축소 변환이 필요합니다.
y:\dxsdk\include\xnamath.h(2673): warning C4838: 'unsigned int'에서 'INT'(으)로의 변환에는 축소 변환이 필요합니다.
y:\dxsdk\include\xnamath.h(2674): warning C4838: 'unsigned int'에서 'INT'(으)로의 변환에는 축소 변환이 필요합니다.
y:\dxsdk\include\xnamath.h(2685): warning C4838: 'unsigned int'에서 'INT'(으)로의 변환에는 축소 변환이 필요합니다.
y:\dxsdk\include\xnamathconvert.inl(2237): warning C4838: 'unsigned int'에서 'INT'(으)로의 변환에는 축소 변환이 필요합니다.
y:\dxsdk\include\xnamathconvert.inl(4492): warning C4838: 'unsigned int'에서 'INT'(으)로의 변환에는 축소 변환이 필요합니다.
y:\dxsdk\include\xnamathconvert.inl(4546): warning C4838: 'unsigned int'에서 'INT'(으)로의 변환에는 축소 변환이 필요합니다.
y:\dxsdk\include\xnamathconvert.inl(4608): warning C4838: 'unsigned int'에서 'INT'(으)로의 변환에는 축소 변환이 필요합니다.
y:\dxsdk\include\xnamathconvert.inl(4676): warning C4838: 'unsigned int'에서 'INT'(으)로의 변환에는 축소 변환이 필요합니다.
y:\dxsdk\include\xnamathconvert.inl(4739): warning C4838: 'unsigned int'에서 'INT'(으)로의 변환에는 축소 변환이 필요합니다.
y:\dxsdk\include\xnamathconvert.inl(4801): warning C4838: 'unsigned int'에서 'INT'(으)로의 변환에는 축소 변환이 필요합니다.
y:\dxsdk\include\xnamathvector.inl(1269): warning C4838: 'unsigned int'에서 'INT'(으)로의 변환에는 축소 변환이 필요합니다.
y:\dxsdk\include\xnamathmisc.inl(518): warning C4838: 'unsigned int'에서 'INT'(으)로의 변환에는 축소 변환이 필요합니다.
y:\dxsdk\include\xnamathmisc.inl(519): warning C4838: 'unsigned int'에서 'INT'(으)로의 변환에는 축소 변환이 필요합니다.
  d3dUtil.cpp
y:\dxsdk\include\xnamath.h(2588): warning C4838: 'unsigned int'에서 'INT'(으)로의 변환에는 축소 변환이 필요합니다.
y:\dxsdk\include\xnamath.h(2589): warning C4838: 'unsigned int'에서 'INT'(으)로의 변환에는 축소 변환이 필요합니다.
y:\dxsdk\include\xnamath.h(2590): warning C4838: 'unsigned int'에서 'INT'(으)로의 변환에는 축소 변환이 필요합니다.
y:\dxsdk\include\xnamath.h(2591): warning C4838: 'unsigned int'에서 'INT'(으)로의 변환에는 축소 변환이 필요합니다.
y:\dxsdk\include\xnamath.h(2592): warning C4838: 'unsigned int'에서 'INT'(으)로의 변환에는 축소 변환이 필요합니다.
y:\dxsdk\include\xnamath.h(2593): warning C4838: 'unsigned int'에서 'INT'(으)로의 변환에는 축소 변환이 필요합니다.
y:\dxsdk\include\xnamath.h(2594): warning C4838: 'unsigned int'에서 'INT'(으)로의 변환에는 축소 변환이 필요합니다.
y:\dxsdk\include\xnamath.h(2615): warning C4838: 'unsigned int'에서 'INT'(으)로의 변환에는 축소 변환이 필요합니다.
y:\dxsdk\include\xnamath.h(2616): warning C4838: 'unsigned int'에서 'INT'(으)로의 변환에는 축소 변환이 필요합니다.
y:\dxsdk\include\xnamath.h(2617): warning C4838: 'unsigned int'에서 'INT'(으)로의 변환에는 축소 변환이 필요합니다.
y:\dxsdk\include\xnamath.h(2620): warning C4838: 'unsigned int'에서 'INT'(으)로의 변환에는 축소 변환이 필요합니다.
y:\dxsdk\include\xnamath.h(2621): warning C4838: 'unsigned int'에서 'INT'(으)로의 변환에는 축소 변환이 필요합니다.
y:\dxsdk\include\xnamath.h(2624): warning C4838: 'unsigned int'에서 'INT'(으)로의 변환에는 축소 변환이 필요합니다.
y:\dxsdk\include\xnamath.h(2628): warning C4838: 'unsigned int'에서 'INT'(으)로의 변환에는 축소 변환이 필요합니다.
y:\dxsdk\include\xnamath.h(2638): warning C4838: 'unsigned int'에서 'INT'(으)로의 변환에는 축소 변환이 필요합니다.
y:\dxsdk\include\xnamath.h(2639): warning C4838: 'unsigned int'에서 'INT'(으)로의 변환에는 축소 변환이 필요합니다.
y:\dxsdk\include\xnamath.h(2658): warning C4838: 'unsigned int'에서 'INT'(으)로의 변환에는 축소 변환이 필요합니다.
y:\dxsdk\include\xnamath.h(2659): warning C4838: 'unsigned int'에서 'INT'(으)로의 변환에는 축소 변환이 필요합니다.
y:\dxsdk\include\xnamath.h(2660): warning C4838: 'unsigned int'에서 'INT'(으)로의 변환에는 축소 변환이 필요합니다.
y:\dxsdk\include\xnamath.h(2661): warning C4838: 'unsigned int'에서 'INT'(으)로의 변환에는 축소 변환이 필요합니다.
y:\dxsdk\include\xnamath.h(2662): warning C4838: 'unsigned int'에서 'INT'(으)로의 변환에는 축소 변환이 필요합니다.
y:\dxsdk\include\xnamath.h(2663): warning C4838: 'unsigned int'에서 'INT'(으)로의 변환에는 축소 변환이 필요합니다.
y:\dxsdk\include\xnamath.h(2673): warning C4838: 'unsigned int'에서 'INT'(으)로의 변환에는 축소 변환이 필요합니다.
y:\dxsdk\include\xnamath.h(2674): warning C4838: 'unsigned int'에서 'INT'(으)로의 변환에는 축소 변환이 필요합니다.
y:\dxsdk\include\xnamath.h(2685): warning C4838: 'unsigned int'에서 'INT'(으)로의 변환에는 축소 변환이 필요합니다.
y:\dxsdk\include\xnamathconvert.inl(2237): warning C4838: 'unsigned int'에서 'INT'(으)로의 변환에는 축소 변환이 필요합니다.
y:\dxsdk\include\xnamathconvert.inl(4492): warning C4838: 'unsigned int'에서 'INT'(으)로의 변환에는 축소 변환이 필요합니다.
y:\dxsdk\include\xnamathconvert.inl(4546): warning C4838: 'unsigned int'에서 'INT'(으)로의 변환에는 축소 변환이 필요합니다.
y:\dxsdk\include\xnamathconvert.inl(4608): warning C4838: 'unsigned int'에서 'INT'(으)로의 변환에는 축소 변환이 필요합니다.
y:\dxsdk\include\xnamathconvert.inl(4676): warning C4838: 'unsigned int'에서 'INT'(으)로의 변환에는 축소 변환이 필요합니다.
y:\dxsdk\include\xnamathconvert.inl(4739): warning C4838: 'unsigned int'에서 'INT'(으)로의 변환에는 축소 변환이 필요합니다.
y:\dxsdk\include\xnamathconvert.inl(4801): warning C4838: 'unsigned int'에서 'INT'(으)로의 변환에는 축소 변환이 필요합니다.
y:\dxsdk\include\xnamathvector.inl(1269): warning C4838: 'unsigned int'에서 'INT'(으)로의 변환에는 축소 변환이 필요합니다.
y:\dxsdk\include\xnamathmisc.inl(518): warning C4838: 'unsigned int'에서 'INT'(으)로의 변환에는 축소 변환이 필요합니다.
y:\dxsdk\include\xnamathmisc.inl(519): warning C4838: 'unsigned int'에서 'INT'(으)로의 변환에는 축소 변환이 필요합니다.
  d3dApp.cpp
y:\dxsdk\include\xnamath.h(2588): warning C4838: 'unsigned int'에서 'INT'(으)로의 변환에는 축소 변환이 필요합니다.
y:\dxsdk\include\xnamath.h(2589): warning C4838: 'unsigned int'에서 'INT'(으)로의 변환에는 축소 변환이 필요합니다.
y:\dxsdk\include\xnamath.h(2590): warning C4838: 'unsigned int'에서 'INT'(으)로의 변환에는 축소 변환이 필요합니다.
y:\dxsdk\include\xnamath.h(2591): warning C4838: 'unsigned int'에서 'INT'(으)로의 변환에는 축소 변환이 필요합니다.
y:\dxsdk\include\xnamath.h(2592): warning C4838: 'unsigned int'에서 'INT'(으)로의 변환에는 축소 변환이 필요합니다.
y:\dxsdk\include\xnamath.h(2593): warning C4838: 'unsigned int'에서 'INT'(으)로의 변환에는 축소 변환이 필요합니다.
y:\dxsdk\include\xnamath.h(2594): warning C4838: 'unsigned int'에서 'INT'(으)로의 변환에는 축소 변환이 필요합니다.
y:\dxsdk\include\xnamath.h(2615): warning C4838: 'unsigned int'에서 'INT'(으)로의 변환에는 축소 변환이 필요합니다.
y:\dxsdk\include\xnamath.h(2616): warning C4838: 'unsigned int'에서 'INT'(으)로의 변환에는 축소 변환이 필요합니다.
y:\dxsdk\include\xnamath.h(2617): warning C4838: 'unsigned int'에서 'INT'(으)로의 변환에는 축소 변환이 필요합니다.
y:\dxsdk\include\xnamath.h(2620): warning C4838: 'unsigned int'에서 'INT'(으)로의 변환에는 축소 변환이 필요합니다.
y:\dxsdk\include\xnamath.h(2621): warning C4838: 'unsigned int'에서 'INT'(으)로의 변환에는 축소 변환이 필요합니다.
y:\dxsdk\include\xnamath.h(2624): warning C4838: 'unsigned int'에서 'INT'(으)로의 변환에는 축소 변환이 필요합니다.
y:\dxsdk\include\xnamath.h(2628): warning C4838: 'unsigned int'에서 'INT'(으)로의 변환에는 축소 변환이 필요합니다.
y:\dxsdk\include\xnamath.h(2638): warning C4838: 'unsigned int'에서 'INT'(으)로의 변환에는 축소 변환이 필요합니다.
y:\dxsdk\include\xnamath.h(2639): warning C4838: 'unsigned int'에서 'INT'(으)로의 변환에는 축소 변환이 필요합니다.
y:\dxsdk\include\xnamath.h(2658): warning C4838: 'unsigned int'에서 'INT'(으)로의 변환에는 축소 변환이 필요합니다.
y:\dxsdk\include\xnamath.h(2659): warning C4838: 'unsigned int'에서 'INT'(으)로의 변환에는 축소 변환이 필요합니다.
y:\dxsdk\include\xnamath.h(2660): warning C4838: 'unsigned int'에서 'INT'(으)로의 변환에는 축소 변환이 필요합니다.
y:\dxsdk\include\xnamath.h(2661): warning C4838: 'unsigned int'에서 'INT'(으)로의 변환에는 축소 변환이 필요합니다.
y:\dxsdk\include\xnamath.h(2662): warning C4838: 'unsigned int'에서 'INT'(으)로의 변환에는 축소 변환이 필요합니다.
y:\dxsdk\include\xnamath.h(2663): warning C4838: 'unsigned int'에서 'INT'(으)로의 변환에는 축소 변환이 필요합니다.
y:\dxsdk\include\xnamath.h(2673): warning C4838: 'unsigned int'에서 'INT'(으)로의 변환에는 축소 변환이 필요합니다.
y:\dxsdk\include\xnamath.h(2674): warning C4838: 'unsigned int'에서 'INT'(으)로의 변환에는 축소 변환이 필요합니다.
y:\dxsdk\include\xnamath.h(2685): warning C4838: 'unsigned int'에서 'INT'(으)로의 변환에는 축소 변환이 필요합니다.
y:\dxsdk\include\xnamathconvert.inl(2237): warning C4838: 'unsigned int'에서 'INT'(으)로의 변환에는 축소 변환이 필요합니다.
y:\dxsdk\include\xnamathconvert.inl(4492): warning C4838: 'unsigned int'에서 'INT'(으)로의 변환에는 축소 변환이 필요합니다.
y:\dxsdk\include\xnamathconvert.inl(4546): warning C4838: 'unsigned int'에서 'INT'(으)로의 변환에는 축소 변환이 필요합니다.
y:\dxsdk\include\xnamathconvert.inl(4608): warning C4838: 'unsigned int'에서 'INT'(으)로의 변환에는 축소 변환이 필요합니다.
y:\dxsdk\include\xnamathconvert.inl(4676): warning C4838: 'unsigned int'에서 'INT'(으)로의 변환에는 축소 변환이 필요합니다.
y:\dxsdk\include\xnamathconvert.inl(4739): warning C4838: 'unsigned int'에서 'INT'(으)로의 변환에는 축소 변환이 필요합니다.
y:\dxsdk\include\xnamathconvert.inl(4801): warning C4838: 'unsigned int'에서 'INT'(으)로의 변환에는 축소 변환이 필요합니다.
y:\dxsdk\include\xnamathvector.inl(1269): warning C4838: 'unsigned int'에서 'INT'(으)로의 변환에는 축소 변환이 필요합니다.
y:\dxsdk\include\xnamathmisc.inl(518): warning C4838: 'unsigned int'에서 'INT'(으)로의 변환에는 축소 변환이 필요합니다.
y:\dxsdk\include\xnamathmisc.inl(519): warning C4838: 'unsigned int'에서 'INT'(으)로의 변환에는 축소 변환이 필요합니다.
  TextureMgr.cpp
y:\dxsdk\include\xnamath.h(2588): warning C4838: 'unsigned int'에서 'INT'(으)로의 변환에는 축소 변환이 필요합니다.
y:\dxsdk\include\xnamath.h(2589): warning C4838: 'unsigned int'에서 'INT'(으)로의 변환에는 축소 변환이 필요합니다.
y:\dxsdk\include\xnamath.h(2590): warning C4838: 'unsigned int'에서 'INT'(으)로의 변환에는 축소 변환이 필요합니다.
y:\dxsdk\include\xnamath.h(2591): warning C4838: 'unsigned int'에서 'INT'(으)로의 변환에는 축소 변환이 필요합니다.
y:\dxsdk\include\xnamath.h(2592): warning C4838: 'unsigned int'에서 'INT'(으)로의 변환에는 축소 변환이 필요합니다.
y:\dxsdk\include\xnamath.h(2593): warning C4838: 'unsigned int'에서 'INT'(으)로의 변환에는 축소 변환이 필요합니다.
y:\dxsdk\include\xnamath.h(2594): warning C4838: 'unsigned int'에서 'INT'(으)로의 변환에는 축소 변환이 필요합니다.
y:\dxsdk\include\xnamath.h(2615): warning C4838: 'unsigned int'에서 'INT'(으)로의 변환에는 축소 변환이 필요합니다.
y:\dxsdk\include\xnamath.h(2616): warning C4838: 'unsigned int'에서 'INT'(으)로의 변환에는 축소 변환이 필요합니다.
y:\dxsdk\include\xnamath.h(2617): warning C4838: 'unsigned int'에서 'INT'(으)로의 변환에는 축소 변환이 필요합니다.
y:\dxsdk\include\xnamath.h(2620): warning C4838: 'unsigned int'에서 'INT'(으)로의 변환에는 축소 변환이 필요합니다.
y:\dxsdk\include\xnamath.h(2621): warning C4838: 'unsigned int'에서 'INT'(으)로의 변환에는 축소 변환이 필요합니다.
y:\dxsdk\include\xnamath.h(2624): warning C4838: 'unsigned int'에서 'INT'(으)로의 변환에는 축소 변환이 필요합니다.
y:\dxsdk\include\xnamath.h(2628): warning C4838: 'unsigned int'에서 'INT'(으)로의 변환에는 축소 변환이 필요합니다.
y:\dxsdk\include\xnamath.h(2638): warning C4838: 'unsigned int'에서 'INT'(으)로의 변환에는 축소 변환이 필요합니다.
y:\dxsdk\include\xnamath.h(2639): warning C4838: 'unsigned int'에서 'INT'(으)로의 변환에는 축소 변환이 필요합니다.
y:\dxsdk\include\xnamath.h(2658): warning C4838: 'unsigned int'에서 'INT'(으)로의 변환에는 축소 변환이 필요합니다.
y:\dxsdk\include\xnamath.h(2659): warning C4838: 'unsigned int'에서 'INT'(으)로의 변환에는 축소 변환이 필요합니다.
y:\dxsdk\include\xnamath.h(2660): warning C4838: 'unsigned int'에서 'INT'(으)로의 변환에는 축소 변환이 필요합니다.
y:\dxsdk\include\xnamath.h(2661): warning C4838: 'unsigned int'에서 'INT'(으)로의 변환에는 축소 변환이 필요합니다.
y:\dxsdk\include\xnamath.h(2662): warning C4838: 'unsigned int'에서 'INT'(으)로의 변환에는 축소 변환이 필요합니다.
y:\dxsdk\include\xnamath.h(2663): warning C4838: 'unsigned int'에서 'INT'(으)로의 변환에는 축소 변환이 필요합니다.
y:\dxsdk\include\xnamath.h(2673): warning C4838: 'unsigned int'에서 'INT'(으)로의 변환에는 축소 변환이 필요합니다.
y:\dxsdk\include\xnamath.h(2674): warning C4838: 'unsigned int'에서 'INT'(으)로의 변환에는 축소 변환이 필요합니다.
y:\dxsdk\include\xnamath.h(2685): warning C4838: 'unsigned int'에서 'INT'(으)로의 변환에는 축소 변환이 필요합니다.
y:\dxsdk\include\xnamathconvert.inl(2237): warning C4838: 'unsigned int'에서 'INT'(으)로의 변환에는 축소 변환이 필요합니다.
y:\dxsdk\include\xnamathconvert.inl(4492): warning C4838: 'unsigned int'에서 'INT'(으)로의 변환에는 축소 변환이 필요합니다.
y:\dxsdk\include\xnamathconvert.inl(4546): warning C4838: 'unsigned int'에서 'INT'(으)로의 변환에는 축소 변환이 필요합니다.
y:\dxsdk\include\xnamathconvert.inl(4608): warning C4838: 'unsigned int'에서 'INT'(으)로의 변환에는 축소 변환이 필요합니다.
y:\dxsdk\include\xnamathconvert.inl(4676): warning C4838: 'unsigned int'에서 'INT'(으)로의 변환에는 축소 변환이 필요합니다.
y:\dxsdk\include\xnamathconvert.inl(4739): warning C4838: 'unsigned int'에서 'INT'(으)로의 변환에는 축소 변환이 필요합니다.
y:\dxsdk\include\xnamathconvert.inl(4801): warning C4838: 'unsigned int'에서 'INT'(으)로의 변환에는 축소 변환이 필요합니다.
y:\dxsdk\include\xnamathvector.inl(1269): warning C4838: 'unsigned int'에서 'INT'(으)로의 변환에는 축소 변환이 필요합니다.
y:\dxsdk\include\xnamathmisc.inl(518): warning C4838: 'unsigned int'에서 'INT'(으)로의 변환에는 축소 변환이 필요합니다.
y:\dxsdk\include\xnamathmisc.inl(519): warning C4838: 'unsigned int'에서 'INT'(으)로의 변환에는 축소 변환이 필요합니다.
  GeometryGenerator.cpp
y:\dxsdk\include\xnamath.h(2588): warning C4838: 'unsigned int'에서 'INT'(으)로의 변환에는 축소 변환이 필요합니다.
y:\dxsdk\include\xnamath.h(2589): warning C4838: 'unsigned int'에서 'INT'(으)로의 변환에는 축소 변환이 필요합니다.
y:\dxsdk\include\xnamath.h(2590): warning C4838: 'unsigned int'에서 'INT'(으)로의 변환에는 축소 변환이 필요합니다.
y:\dxsdk\include\xnamath.h(2591): warning C4838: 'unsigned int'에서 'INT'(으)로의 변환에는 축소 변환이 필요합니다.
y:\dxsdk\include\xnamath.h(2592): warning C4838: 'unsigned int'에서 'INT'(으)로의 변환에는 축소 변환이 필요합니다.
y:\dxsdk\include\xnamath.h(2593): warning C4838: 'unsigned int'에서 'INT'(으)로의 변환에는 축소 변환이 필요합니다.
y:\dxsdk\include\xnamath.h(2594): warning C4838: 'unsigned int'에서 'INT'(으)로의 변환에는 축소 변환이 필요합니다.
y:\dxsdk\include\xnamath.h(2615): warning C4838: 'unsigned int'에서 'INT'(으)로의 변환에는 축소 변환이 필요합니다.
y:\dxsdk\include\xnamath.h(2616): warning C4838: 'unsigned int'에서 'INT'(으)로의 변환에는 축소 변환이 필요합니다.
y:\dxsdk\include\xnamath.h(2617): warning C4838: 'unsigned int'에서 'INT'(으)로의 변환에는 축소 변환이 필요합니다.
y:\dxsdk\include\xnamath.h(2620): warning C4838: 'unsigned int'에서 'INT'(으)로의 변환에는 축소 변환이 필요합니다.
y:\dxsdk\include\xnamath.h(2621): warning C4838: 'unsigned int'에서 'INT'(으)로의 변환에는 축소 변환이 필요합니다.
y:\dxsdk\include\xnamath.h(2624): warning C4838: 'unsigned int'에서 'INT'(으)로의 변환에는 축소 변환이 필요합니다.
y:\dxsdk\include\xnamath.h(2628): warning C4838: 'unsigned int'에서 'INT'(으)로의 변환에는 축소 변환이 필요합니다.
y:\dxsdk\include\xnamath.h(2638): warning C4838: 'unsigned int'에서 'INT'(으)로의 변환에는 축소 변환이 필요합니다.
y:\dxsdk\include\xnamath.h(2639): warning C4838: 'unsigned int'에서 'INT'(으)로의 변환에는 축소 변환이 필요합니다.
y:\dxsdk\include\xnamath.h(2658): warning C4838: 'unsigned int'에서 'INT'(으)로의 변환에는 축소 변환이 필요합니다.
y:\dxsdk\include\xnamath.h(2659): warning C4838: 'unsigned int'에서 'INT'(으)로의 변환에는 축소 변환이 필요합니다.
y:\dxsdk\include\xnamath.h(2660): warning C4838: 'unsigned int'에서 'INT'(으)로의 변환에는 축소 변환이 필요합니다.
y:\dxsdk\include\xnamath.h(2661): warning C4838: 'unsigned int'에서 'INT'(으)로의 변환에는 축소 변환이 필요합니다.
y:\dxsdk\include\xnamath.h(2662): warning C4838: 'unsigned int'에서 'INT'(으)로의 변환에는 축소 변환이 필요합니다.
y:\dxsdk\include\xnamath.h(2663): warning C4838: 'unsigned int'에서 'INT'(으)로의 변환에는 축소 변환이 필요합니다.
y:\dxsdk\include\xnamath.h(2673): warning C4838: 'unsigned int'에서 'INT'(으)로의 변환에는 축소 변환이 필요합니다.
y:\dxsdk\include\xnamath.h(2674): warning C4838: 'unsigned int'에서 'INT'(으)로의 변환에는 축소 변환이 필요합니다.
y:\dxsdk\include\xnamath.h(2685): warning C4838: 'unsigned int'에서 'INT'(으)로의 변환에는 축소 변환이 필요합니다.
y:\dxsdk\include\xnamathconvert.inl(2237): warning C4838: 'unsigned int'에서 'INT'(으)로의 변환에는 축소 변환이 필요합니다.
y:\dxsdk\include\xnamathconvert.inl(4492): warning C4838: 'unsigned int'에서 'INT'(으)로의 변환에는 축소 변환이 필요합니다.
y:\dxsdk\include\xnamathconvert.inl(4546): warning C4838: 'unsigned int'에서 'INT'(으)로의 변환에는 축소 변환이 필요합니다.
y:\dxsdk\include\xnamathconvert.inl(4608): warning C4838: 'unsigned int'에서 'INT'(으)로의 변환에는 축소 변환이 필요합니다.
y:\dxsdk\include\xnamathconvert.inl(4676): warning C4838: 'unsigned int'에서 'INT'(으)로의 변환에는 축소 변환이 필요합니다.
y:\dxsdk\include\xnamathconvert.inl(4739): warning C4838: 'unsigned int'에서 'INT'(으)로의 변환에는 축소 변환이 필요합니다.
y:\dxsdk\include\xnamathconvert.inl(4801): warning C4838: 'unsigned int'에서 'INT'(으)로의 변환에는 축소 변환이 필요합니다.
y:\dxsdk\include\xnamathvector.inl(1269): warning C4838: 'unsigned int'에서 'INT'(으)로의 변환에는 축소 변환이 필요합니다.
y:\dxsdk\include\xnamathmisc.inl(518): warning C4838: 'unsigned int'에서 'INT'(으)로의 변환에는 축소 변환이 필요합니다.
y:\dxsdk\include\xnamathmisc.inl(519): warning C4838: 'unsigned int'에서 'INT'(으)로의 변환에는 축소 변환이 필요합니다.
  Camera.cpp
y:\dxsdk\include\xnamath.h(2588): warning C4838: 'unsigned int'에서 'INT'(으)로의 변환에는 축소 변환이 필요합니다.
y:\dxsdk\include\xnamath.h(2589): warning C4838: 'unsigned int'에서 'INT'(으)로의 변환에는 축소 변환이 필요합니다.
y:\dxsdk\include\xnamath.h(2590): warning C4838: 'unsigned int'에서 'INT'(으)로의 변환에는 축소 변환이 필요합니다.
y:\dxsdk\include\xnamath.h(2591): warning C4838: 'unsigned int'에서 'INT'(으)로의 변환에는 축소 변환이 필요합니다.
y:\dxsdk\include\xnamath.h(2592): warning C4838: 'unsigned int'에서 'INT'(으)로의 변환에는 축소 변환이 필요합니다.
y:\dxsdk\include\xnamath.h(2593): warning C4838: 'unsigned int'에서 'INT'(으)로의 변환에는 축소 변환이 필요합니다.
y:\dxsdk\include\xnamath.h(2594): warning C4838: 'unsigned int'에서 'INT'(으)로의 변환에는 축소 변환이 필요합니다.
y:\dxsdk\include\xnamath.h(2615): warning C4838: 'unsigned int'에서 'INT'(으)로의 변환에는 축소 변환이 필요합니다.
y:\dxsdk\include\xnamath.h(2616): warning C4838: 'unsigned int'에서 'INT'(으)로의 변환에는 축소 변환이 필요합니다.
y:\dxsdk\include\xnamath.h(2617): warning C4838: 'unsigned int'에서 'INT'(으)로의 변환에는 축소 변환이 필요합니다.
y:\dxsdk\include\xnamath.h(2620): warning C4838: 'unsigned int'에서 'INT'(으)로의 변환에는 축소 변환이 필요합니다.
y:\dxsdk\include\xnamath.h(2621): warning C4838: 'unsigned int'에서 'INT'(으)로의 변환에는 축소 변환이 필요합니다.
y:\dxsdk\include\xnamath.h(2624): warning C4838: 'unsigned int'에서 'INT'(으)로의 변환에는 축소 변환이 필요합니다.
y:\dxsdk\include\xnamath.h(2628): warning C4838: 'unsigned int'에서 'INT'(으)로의 변환에는 축소 변환이 필요합니다.
y:\dxsdk\include\xnamath.h(2638): warning C4838: 'unsigned int'에서 'INT'(으)로의 변환에는 축소 변환이 필요합니다.
y:\dxsdk\include\xnamath.h(2639): warning C4838: 'unsigned int'에서 'INT'(으)로의 변환에는 축소 변환이 필요합니다.
y:\dxsdk\include\xnamath.h(2658): warning C4838: 'unsigned int'에서 'INT'(으)로의 변환에는 축소 변환이 필요합니다.
y:\dxsdk\include\xnamath.h(2659): warning C4838: 'unsigned int'에서 'INT'(으)로의 변환에는 축소 변환이 필요합니다.
y:\dxsdk\include\xnamath.h(2660): warning C4838: 'unsigned int'에서 'INT'(으)로의 변환에는 축소 변환이 필요합니다.
y:\dxsdk\include\xnamath.h(2661): warning C4838: 'unsigned int'에서 'INT'(으)로의 변환에는 축소 변환이 필요합니다.
y:\dxsdk\include\xnamath.h(2662): warning C4838: 'unsigned int'에서 'INT'(으)로의 변환에는 축소 변환이 필요합니다.
y:\dxsdk\include\xnamath.h(2663): warning C4838: 'unsigned int'에서 'INT'(으)로의 변환에는 축소 변환이 필요합니다.
y:\dxsdk\include\xnamath.h(2673): warning C4838: 'unsigned int'에서 'INT'(으)로의 변환에는 축소 변환이 필요합니다.
y:\dxsdk\include\xnamath.h(2674): warning C4838: 'unsigned int'에서 'INT'(으)로의 변환에는 축소 변환이 필요합니다.
y:\dxsdk\include\xnamath.h(2685): warning C4838: 'unsigned int'에서 'INT'(으)로의 변환에는 축소 변환이 필요합니다.
y:\dxsdk\include\xnamathconvert.inl(2237): warning C4838: 'unsigned int'에서 'INT'(으)로의 변환에는 축소 변환이 필요합니다.
y:\dxsdk\include\xnamathconvert.inl(4492): warning C4838: 'unsigned int'에서 'INT'(으)로의 변환에는 축소 변환이 필요합니다.
y:\dxsdk\include\xnamathconvert.inl(4546): warning C4838: 'unsigned int'에서 'INT'(으)로의 변환에는 축소 변환이 필요합니다.
y:\dxsdk\include\xnamathconvert.inl(4608): warning C4838: 'unsigned int'에서 'INT'(으)로의 변환에는 축소 변환이 필요합니다.
y:\dxsdk\include\xnamathconvert.inl(4676): warning C4838: 'unsigned int'에서 'INT'(으)로의 변환에는 축소 변환이 필요합니다.
y:\dxsdk\include\xnamathconvert.inl(4739): warning C4838: 'unsigned int'에서 'INT'(으)로의 변환에는 축소 변환이 필요합니다.
y:\dxsdk\include\xnamathconvert.inl(4801): warning C4838: 'unsigned int'에서 'INT'(으)로의 변환에는 축소 변환이 필요합니다.
y:\dxsdk\include\xnamathvector.inl(1269): warning C4838: 'unsigned int'에서 'INT'(으)로의 변환에는 축소 변환이 필요합니다.
y:\dxsdk\include\xnamathmisc.inl(518): warning C4838: 'unsigned int'에서 'INT'(으)로의 변환에는 축소 변환이 필요합니다.
y:\dxsdk\include\xnamathmisc.inl(519): warning C4838: 'unsigned int'에서 'INT'(으)로의 변환에는 축소 변환이 필요합니다.
  코드를 생성하고 있습니다...
  DX11.vcxproj -> Y:\Study\DX11\Debug\DX11.exe
  DX11.vcxproj -> Y:\Study\DX11\Debug\DX11.pdb (Partial PDB)
